<?xml version="1.0" encoding="utf-8" standalone="no"?>
<test-results xmlns:xsi="http://www.w3.org/2001/XMLSchema-instance" xsi:noNamespaceSchemaLocation="nunit_schema_2.5.xsd" name="Pester" total="767" errors="0" failures="0" not-run="0" inconclusive="0" ignored="0" skipped="0" invalid="0" date="2019-07-17" time="19:54:06">
  <environment user="appveyor" machine-name="APPVYR-WIN" cwd="C:\projects\steamps" user-domain="APPVYR-WIN" platform="Microsoft Windows Server 2012 R2 Datacenter|C:\windows|\Device\Harddisk0\Partition5" nunit-version="2.5.8.0" os-version="6.3.9600" clr-version="4.0.30319.42000" />
  <culture-info current-culture="en-US" current-uiculture="en-US" />
  <test-suite type="TestFixture" name="Pester" executed="True" result="Success" success="True" time="9.6131" asserts="0" description="Pester">
    <results>
      <test-suite type="TestFixture" name="C:\projects\steamps\Tests\Help.Tests.ps1" executed="True" result="Success" success="True" time="1.1502" asserts="0" description="C:\projects\steamps\Tests\Help.Tests.ps1">
        <results>
          <test-suite type="TestFixture" name="SteamPS Comment Based Help" executed="True" result="Success" success="True" time="1.0272" asserts="0" description="SteamPS Comment Based Help">
            <results>
              <test-suite type="TestFixture" name="Find-SteamAppID - Help" executed="True" result="Success" success="True" time="0.4859" asserts="0" description="Find-SteamAppID - Help">
                <results>
                  <test-case description="Synopsis" name="SteamPS Comment Based Help.Find-SteamAppID - Help.Synopsis" time="0.0832" asserts="0" success="True" result="Success" executed="True" />
                  <test-case description="Description" name="SteamPS Comment Based Help.Find-SteamAppID - Help.Description" time="0.0084" asserts="0" success="True" result="Success" executed="True" />
                  <test-case description="Notes - Author" name="SteamPS Comment Based Help.Find-SteamAppID - Help.Notes - Author" time="0.015" asserts="0" success="True" result="Success" executed="True" />
                  <test-case description="Parameter - Compare Count Help/AST" name="SteamPS Comment Based Help.Find-SteamAppID - Help.Parameter - Compare Count Help/AST" time="0.0653" asserts="0" success="True" result="Success" executed="True" />
                  <test-case description="Parameter ApplicationName - Should contains description" name="SteamPS Comment Based Help.Find-SteamAppID - Help.Parameter ApplicationName - Should contains description" time="0.0089" asserts="0" success="True" result="Success" executed="True" />
                  <test-case description="Example - Count should be greater than 0" name="SteamPS Comment Based Help.Find-SteamAppID - Help.Example - Count should be greater than 0" time="0.0253" asserts="0" success="True" result="Success" executed="True" />
                  <test-case description="Example - Remarks on -------------------------- EXAMPLE 1 --------------------------" name="SteamPS Comment Based Help.Find-SteamAppID - Help.Example - Remarks on -------------------------- EXAMPLE 1 --------------------------" time="0.0036" asserts="0" success="True" result="Success" executed="True" />
                  <test-case description="Example - Remarks on -------------------------- EXAMPLE 2 --------------------------" name="SteamPS Comment Based Help.Find-SteamAppID - Help.Example - Remarks on -------------------------- EXAMPLE 2 --------------------------" time="0.0021" asserts="0" success="True" result="Success" executed="True" />
                </results>
              </test-suite>
              <test-suite type="TestFixture" name="Get-SteamServerInfo - Help" executed="True" result="Success" success="True" time="0.0887" asserts="0" description="Get-SteamServerInfo - Help">
                <results>
                  <test-case description="Synopsis" name="SteamPS Comment Based Help.Get-SteamServerInfo - Help.Synopsis" time="0.0025" asserts="0" success="True" result="Success" executed="True" />
                  <test-case description="Description" name="SteamPS Comment Based Help.Get-SteamServerInfo - Help.Description" time="0.0023" asserts="0" success="True" result="Success" executed="True" />
                  <test-case description="Notes - Author" name="SteamPS Comment Based Help.Get-SteamServerInfo - Help.Notes - Author" time="0.0022" asserts="0" success="True" result="Success" executed="True" />
                  <test-case description="Parameter - Compare Count Help/AST" name="SteamPS Comment Based Help.Get-SteamServerInfo - Help.Parameter - Compare Count Help/AST" time="0.0026" asserts="0" success="True" result="Success" executed="True" />
                  <test-case description="Parameter ServerID - Should contains description" name="SteamPS Comment Based Help.Get-SteamServerInfo - Help.Parameter ServerID - Should contains description" time="0.0022" asserts="0" success="True" result="Success" executed="True" />
                  <test-case description="Example - Count should be greater than 0" name="SteamPS Comment Based Help.Get-SteamServerInfo - Help.Example - Count should be greater than 0" time="0.0037" asserts="0" success="True" result="Success" executed="True" />
                  <test-case description="Example - Remarks on -------------------------- EXAMPLE 1 --------------------------" name="SteamPS Comment Based Help.Get-SteamServerInfo - Help.Example - Remarks on -------------------------- EXAMPLE 1 --------------------------" time="0.0026" asserts="0" success="True" result="Success" executed="True" />
                </results>
              </test-suite>
              <test-suite type="TestFixture" name="Install-SteamCMD - Help" executed="True" result="Success" success="True" time="0.1136" asserts="0" description="Install-SteamCMD - Help">
                <results>
                  <test-case description="Synopsis" name="SteamPS Comment Based Help.Install-SteamCMD - Help.Synopsis" time="0.0025" asserts="0" success="True" result="Success" executed="True" />
                  <test-case description="Description" name="SteamPS Comment Based Help.Install-SteamCMD - Help.Description" time="0.0028" asserts="0" success="True" result="Success" executed="True" />
                  <test-case description="Notes - Author" name="SteamPS Comment Based Help.Install-SteamCMD - Help.Notes - Author" time="0.0022" asserts="0" success="True" result="Success" executed="True" />
                  <test-case description="Parameter - Compare Count Help/AST" name="SteamPS Comment Based Help.Install-SteamCMD - Help.Parameter - Compare Count Help/AST" time="0.0026" asserts="0" success="True" result="Success" executed="True" />
                  <test-case description="Parameter InstallPath - Should contains description" name="SteamPS Comment Based Help.Install-SteamCMD - Help.Parameter InstallPath - Should contains description" time="0.0023" asserts="0" success="True" result="Success" executed="True" />
                  <test-case description="Example - Count should be greater than 0" name="SteamPS Comment Based Help.Install-SteamCMD - Help.Example - Count should be greater than 0" time="0.0023" asserts="0" success="True" result="Success" executed="True" />
                  <test-case description="Example - Remarks on -------------------------- EXAMPLE 1 --------------------------" name="SteamPS Comment Based Help.Install-SteamCMD - Help.Example - Remarks on -------------------------- EXAMPLE 1 --------------------------" time="0.0043" asserts="0" success="True" result="Success" executed="True" />
                  <test-case description="Example - Remarks on -------------------------- EXAMPLE 2 --------------------------" name="SteamPS Comment Based Help.Install-SteamCMD - Help.Example - Remarks on -------------------------- EXAMPLE 2 --------------------------" time="0.0023" asserts="0" success="True" result="Success" executed="True" />
                </results>
              </test-suite>
              <test-suite type="TestFixture" name="Update-SteamApp - Help" executed="True" result="Success" success="True" time="0.1606" asserts="0" description="Update-SteamApp - Help">
                <results>
                  <test-case description="Synopsis" name="SteamPS Comment Based Help.Update-SteamApp - Help.Synopsis" time="0.0022" asserts="0" success="True" result="Success" executed="True" />
                  <test-case description="Description" name="SteamPS Comment Based Help.Update-SteamApp - Help.Description" time="0.0022" asserts="0" success="True" result="Success" executed="True" />
                  <test-case description="Notes - Author" name="SteamPS Comment Based Help.Update-SteamApp - Help.Notes - Author" time="0.0025" asserts="0" success="True" result="Success" executed="True" />
                  <test-case description="Parameter - Compare Count Help/AST" name="SteamPS Comment Based Help.Update-SteamApp - Help.Parameter - Compare Count Help/AST" time="0.0087" asserts="0" success="True" result="Success" executed="True" />
                  <test-case description="Parameter ApplicationName - Should contains description" name="SteamPS Comment Based Help.Update-SteamApp - Help.Parameter ApplicationName - Should contains description" time="0.0026" asserts="0" success="True" result="Success" executed="True" />
                  <test-case description="Parameter AppID - Should contains description" name="SteamPS Comment Based Help.Update-SteamApp - Help.Parameter AppID - Should contains description" time="0.0251" asserts="0" success="True" result="Success" executed="True" />
                  <test-case description="Parameter Path - Should contains description" name="SteamPS Comment Based Help.Update-SteamApp - Help.Parameter Path - Should contains description" time="0.0024" asserts="0" success="True" result="Success" executed="True" />
                  <test-case description="Parameter Credential - Should contains description" name="SteamPS Comment Based Help.Update-SteamApp - Help.Parameter Credential - Should contains description" time="0.0022" asserts="0" success="True" result="Success" executed="True" />
                  <test-case description="Parameter Arguments - Should contains description" name="SteamPS Comment Based Help.Update-SteamApp - Help.Parameter Arguments - Should contains description" time="0.0023" asserts="0" success="True" result="Success" executed="True" />
                  <test-case description="Parameter Force - Should contains description" name="SteamPS Comment Based Help.Update-SteamApp - Help.Parameter Force - Should contains description" time="0.0022" asserts="0" success="True" result="Success" executed="True" />
                  <test-case description="Example - Count should be greater than 0" name="SteamPS Comment Based Help.Update-SteamApp - Help.Example - Count should be greater than 0" time="0.0021" asserts="0" success="True" result="Success" executed="True" />
                  <test-case description="Example - Remarks on -------------------------- EXAMPLE 1 --------------------------" name="SteamPS Comment Based Help.Update-SteamApp - Help.Example - Remarks on -------------------------- EXAMPLE 1 --------------------------" time="0.0032" asserts="0" success="True" result="Success" executed="True" />
                  <test-case description="Example - Remarks on -------------------------- EXAMPLE 2 --------------------------" name="SteamPS Comment Based Help.Update-SteamApp - Help.Example - Remarks on -------------------------- EXAMPLE 2 --------------------------" time="0.0023" asserts="0" success="True" result="Success" executed="True" />
                </results>
              </test-suite>
            </results>
          </test-suite>
        </results>
      </test-suite>
      <test-suite type="TestFixture" name="C:\projects\steamps\Tests\ModuleValidation.Tests.ps1" executed="True" result="Success" success="True" time="0.9613" asserts="0" description="C:\projects\steamps\Tests\ModuleValidation.Tests.ps1">
        <results>
          <test-suite type="TestFixture" name="General project validation: SteamPS" executed="True" result="Success" success="True" time="0.3854" asserts="0" description="General project validation: SteamPS">
            <results>
              <test-suite type="TestFixture" name="Manifest" executed="True" result="Success" success="True" time="0.1236" asserts="0" description="Manifest">
                <results>
                  <test-case description="Should contains RootModule" name="General project validation: SteamPS.Manifest.Should contains RootModule" time="0.005" asserts="0" success="True" result="Success" executed="True" />
                  <test-case description="Should contains Author" name="General project validation: SteamPS.Manifest.Should contains Author" time="0.0095" asserts="0" success="True" result="Success" executed="True" />
                  <test-case description="Should contains Company Name" name="General project validation: SteamPS.Manifest.Should contains Company Name" time="0.0044" asserts="0" success="True" result="Success" executed="True" />
                  <test-case description="Should contains Description" name="General project validation: SteamPS.Manifest.Should contains Description" time="0.0071" asserts="0" success="True" result="Success" executed="True" />
                  <test-case description="Should contains Copyright" name="General project validation: SteamPS.Manifest.Should contains Copyright" time="0.005" asserts="0" success="True" result="Success" executed="True" />
                  <test-case description="Should contains License" name="General project validation: SteamPS.Manifest.Should contains License" time="0.0061" asserts="0" success="True" result="Success" executed="True" />
                  <test-case description="Should contains a Project Link" name="General project validation: SteamPS.Manifest.Should contains a Project Link" time="0.0041" asserts="0" success="True" result="Success" executed="True" />
                  <test-case description="Should contain Tags (For the PSGallery)" name="General project validation: SteamPS.Manifest.Should contain Tags (For the PSGallery)" time="0.0084" asserts="0" success="True" result="Success" executed="True" />
                  <test-case description="Should have equal number of Function Exported and the Public PS1 files found (0 and 0)" name="General project validation: SteamPS.Manifest.Should have equal number of Function Exported and the Public PS1 files found (0 and 0)" time="0.0031" asserts="0" success="True" result="Success" executed="True" />
                  <test-case description="Compare the missing function" name="General project validation: SteamPS.Manifest.Compare the missing function" time="0.0011" asserts="0" success="True" result="Success" executed="True" />
                </results>
              </test-suite>
              <test-suite type="ParameterizedTest" name="General project validation: SteamPS.&lt;File&gt; should be valid powershell" executed="True" result="Success" success="True" time="0.099" asserts="0" description="&lt;File&gt; should be valid powershell">
                <results>
                  <test-case description="C:\projects\steamps\.vscode\PSScriptAnalyzerSettings.psd1 should be valid powershell" name="General project validation: SteamPS.C:\projects\steamps\.vscode\PSScriptAnalyzerSettings.psd1 should be valid powershell" time="0.0225" asserts="0" success="True" result="Success" executed="True" />
                  <test-case description="C:\projects\steamps\SteamPS\Public\Find-SteamAppID.ps1 should be valid powershell" name="General project validation: SteamPS.C:\projects\steamps\SteamPS\Public\Find-SteamAppID.ps1 should be valid powershell" time="0.0096" asserts="0" success="True" result="Success" executed="True" />
                  <test-case description="C:\projects\steamps\SteamPS\Public\Get-SteamServerInfo.ps1 should be valid powershell" name="General project validation: SteamPS.C:\projects\steamps\SteamPS\Public\Get-SteamServerInfo.ps1 should be valid powershell" time="0.0049" asserts="0" success="True" result="Success" executed="True" />
                  <test-case description="C:\projects\steamps\SteamPS\Public\Install-SteamCMD.ps1 should be valid powershell" name="General project validation: SteamPS.C:\projects\steamps\SteamPS\Public\Install-SteamCMD.ps1 should be valid powershell" time="0.0087" asserts="0" success="True" result="Success" executed="True" />
                  <test-case description="C:\projects\steamps\SteamPS\Public\Update-SteamApp.ps1 should be valid powershell" name="General project validation: SteamPS.C:\projects\steamps\SteamPS\Public\Update-SteamApp.ps1 should be valid powershell" time="0.0066" asserts="0" success="True" result="Success" executed="True" />
                  <test-case description="C:\projects\steamps\SteamPS\SteamPS.psd1 should be valid powershell" name="General project validation: SteamPS.C:\projects\steamps\SteamPS\SteamPS.psd1 should be valid powershell" time="0.0114" asserts="0" success="True" result="Success" executed="True" />
                  <test-case description="C:\projects\steamps\SteamPS\SteamPS.psm1 should be valid powershell" name="General project validation: SteamPS.C:\projects\steamps\SteamPS\SteamPS.psm1 should be valid powershell" time="0.005" asserts="0" success="True" result="Success" executed="True" />
                  <test-case description="C:\projects\steamps\Tests\Help.Tests.ps1 should be valid powershell" name="General project validation: SteamPS.C:\projects\steamps\Tests\Help.Tests.ps1 should be valid powershell" time="0.0071" asserts="0" success="True" result="Success" executed="True" />
                  <test-case description="C:\projects\steamps\Tests\ModuleValidation.Tests.ps1 should be valid powershell" name="General project validation: SteamPS.C:\projects\steamps\Tests\ModuleValidation.Tests.ps1 should be valid powershell" time="0.0059" asserts="0" success="True" result="Success" executed="True" />
                  <test-case description="C:\projects\steamps\Tests\PSScriptAnalyzer.Tests.ps1 should be valid powershell" name="General project validation: SteamPS.C:\projects\steamps\Tests\PSScriptAnalyzer.Tests.ps1 should be valid powershell" time="0.005" asserts="0" success="True" result="Success" executed="True" />
                  <test-case description="C:\projects\steamps\build.ps1 should be valid powershell" name="General project validation: SteamPS.C:\projects\steamps\build.ps1 should be valid powershell" time="0.0075" asserts="0" success="True" result="Success" executed="True" />
                  <test-case description="C:\projects\steamps\install.ps1 should be valid powershell" name="General project validation: SteamPS.C:\projects\steamps\install.ps1 should be valid powershell" time="0.0048" asserts="0" success="True" result="Success" executed="True" />
                </results>
              </test-suite>
              <test-case description="'SteamPS' can import cleanly" name="General project validation: SteamPS.'SteamPS' can import cleanly" time="0.0312" asserts="0" success="True" result="Success" executed="True" />
            </results>
          </test-suite>
        </results>
      </test-suite>
      <test-suite type="TestFixture" name="C:\projects\steamps\Tests\PSScriptAnalyzer.Tests.ps1" executed="True" result="Success" success="True" time="7.5016" asserts="0" description="C:\projects\steamps\Tests\PSScriptAnalyzer.Tests.ps1">
        <results>
          <test-suite type="TestFixture" name="File build.ps1 should not produce any PSScriptAnalyzer warnings" executed="True" result="Success" success="True" time="0.9777" asserts="0" description="File build.ps1 should not produce any PSScriptAnalyzer warnings">
            <results>
              <test-case description="Should pass PSAlignAssignmentStatement" name="File build.ps1 should not produce any PSScriptAnalyzer warnings.Should pass PSAlignAssignmentStatement" time="0.0047" asserts="0" success="True" result="Success" executed="True" />
              <test-case description="Should pass PSAvoidUsingCmdletAliases" name="File build.ps1 should not produce any PSScriptAnalyzer warnings.Should pass PSAvoidUsingCmdletAliases" time="0.0011" asserts="0" success="True" result="Success" executed="True" />
              <test-case description="Should pass PSAvoidAssignmentToAutomaticVariable" name="File build.ps1 should not produce any PSScriptAnalyzer warnings.Should pass PSAvoidAssignmentToAutomaticVariable" time="0.001" asserts="0" success="True" result="Success" executed="True" />
              <test-case description="Should pass PSAvoidDefaultValueSwitchParameter" name="File build.ps1 should not produce any PSScriptAnalyzer warnings.Should pass PSAvoidDefaultValueSwitchParameter" time="0.0012" asserts="0" success="True" result="Success" executed="True" />
              <test-case description="Should pass PSAvoidDefaultValueForMandatoryParameter" name="File build.ps1 should not produce any PSScriptAnalyzer warnings.Should pass PSAvoidDefaultValueForMandatoryParameter" time="0.001" asserts="0" success="True" result="Success" executed="True" />
              <test-case description="Should pass PSAvoidUsingEmptyCatchBlock" name="File build.ps1 should not produce any PSScriptAnalyzer warnings.Should pass PSAvoidUsingEmptyCatchBlock" time="0.001" asserts="0" success="True" result="Success" executed="True" />
              <test-case description="Should pass PSAvoidGlobalAliases" name="File build.ps1 should not produce any PSScriptAnalyzer warnings.Should pass PSAvoidGlobalAliases" time="0.0009" asserts="0" success="True" result="Success" executed="True" />
              <test-case description="Should pass PSAvoidGlobalFunctions" name="File build.ps1 should not produce any PSScriptAnalyzer warnings.Should pass PSAvoidGlobalFunctions" time="0.0006" asserts="0" success="True" result="Success" executed="True" />
              <test-case description="Should pass PSAvoidGlobalVars" name="File build.ps1 should not produce any PSScriptAnalyzer warnings.Should pass PSAvoidGlobalVars" time="0.0006" asserts="0" success="True" result="Success" executed="True" />
              <test-case description="Should pass PSAvoidInvokingEmptyMembers" name="File build.ps1 should not produce any PSScriptAnalyzer warnings.Should pass PSAvoidInvokingEmptyMembers" time="0.0006" asserts="0" success="True" result="Success" executed="True" />
              <test-case description="Should pass PSAvoidNullOrEmptyHelpMessageAttribute" name="File build.ps1 should not produce any PSScriptAnalyzer warnings.Should pass PSAvoidNullOrEmptyHelpMessageAttribute" time="0.0012" asserts="0" success="True" result="Success" executed="True" />
              <test-case description="Should pass PSAvoidUsingPositionalParameters" name="File build.ps1 should not produce any PSScriptAnalyzer warnings.Should pass PSAvoidUsingPositionalParameters" time="0.0007" asserts="0" success="True" result="Success" executed="True" />
              <test-case description="Should pass PSReservedCmdletChar" name="File build.ps1 should not produce any PSScriptAnalyzer warnings.Should pass PSReservedCmdletChar" time="0.0007" asserts="0" success="True" result="Success" executed="True" />
              <test-case description="Should pass PSReservedParams" name="File build.ps1 should not produce any PSScriptAnalyzer warnings.Should pass PSReservedParams" time="0.0007" asserts="0" success="True" result="Success" executed="True" />
              <test-case description="Should pass PSAvoidShouldContinueWithoutForce" name="File build.ps1 should not produce any PSScriptAnalyzer warnings.Should pass PSAvoidShouldContinueWithoutForce" time="0.0007" asserts="0" success="True" result="Success" executed="True" />
              <test-case description="Should pass PSAvoidTrailingWhitespace" name="File build.ps1 should not produce any PSScriptAnalyzer warnings.Should pass PSAvoidTrailingWhitespace" time="0.0006" asserts="0" success="True" result="Success" executed="True" />
              <test-case description="Should pass PSAvoidUsingUsernameAndPasswordParams" name="File build.ps1 should not produce any PSScriptAnalyzer warnings.Should pass PSAvoidUsingUsernameAndPasswordParams" time="0.0008" asserts="0" success="True" result="Success" executed="True" />
              <test-case description="Should pass PSAvoidUsingComputerNameHardcoded" name="File build.ps1 should not produce any PSScriptAnalyzer warnings.Should pass PSAvoidUsingComputerNameHardcoded" time="0.0006" asserts="0" success="True" result="Success" executed="True" />
              <test-case description="Should pass PSAvoidUsingConvertToSecureStringWithPlainText" name="File build.ps1 should not produce any PSScriptAnalyzer warnings.Should pass PSAvoidUsingConvertToSecureStringWithPlainText" time="0.0009" asserts="0" success="True" result="Success" executed="True" />
              <test-case description="Should pass PSAvoidUsingDeprecatedManifestFields" name="File build.ps1 should not produce any PSScriptAnalyzer warnings.Should pass PSAvoidUsingDeprecatedManifestFields" time="0.0011" asserts="0" success="True" result="Success" executed="True" />
              <test-case description="Should pass PSAvoidUsingInvokeExpression" name="File build.ps1 should not produce any PSScriptAnalyzer warnings.Should pass PSAvoidUsingInvokeExpression" time="0.0007" asserts="0" success="True" result="Success" executed="True" />
              <test-case description="Should pass PSAvoidUsingPlainTextForPassword" name="File build.ps1 should not produce any PSScriptAnalyzer warnings.Should pass PSAvoidUsingPlainTextForPassword" time="0.0008" asserts="0" success="True" result="Success" executed="True" />
              <test-case description="Should pass PSAvoidUsingWMICmdlet" name="File build.ps1 should not produce any PSScriptAnalyzer warnings.Should pass PSAvoidUsingWMICmdlet" time="0.0008" asserts="0" success="True" result="Success" executed="True" />
              <test-case description="Should pass PSAvoidUsingWriteHost" name="File build.ps1 should not produce any PSScriptAnalyzer warnings.Should pass PSAvoidUsingWriteHost" time="0.0006" asserts="0" success="True" result="Success" executed="True" />
              <test-case description="Should pass PSUseCompatibleCommands" name="File build.ps1 should not produce any PSScriptAnalyzer warnings.Should pass PSUseCompatibleCommands" time="0.0008" asserts="0" success="True" result="Success" executed="True" />
              <test-case description="Should pass PSUseCompatibleSyntax" name="File build.ps1 should not produce any PSScriptAnalyzer warnings.Should pass PSUseCompatibleSyntax" time="0.0006" asserts="0" success="True" result="Success" executed="True" />
              <test-case description="Should pass PSUseCompatibleTypes" name="File build.ps1 should not produce any PSScriptAnalyzer warnings.Should pass PSUseCompatibleTypes" time="0.0008" asserts="0" success="True" result="Success" executed="True" />
              <test-case description="Should pass PSMisleadingBacktick" name="File build.ps1 should not produce any PSScriptAnalyzer warnings.Should pass PSMisleadingBacktick" time="0.0006" asserts="0" success="True" result="Success" executed="True" />
              <test-case description="Should pass PSMissingModuleManifestField" name="File build.ps1 should not produce any PSScriptAnalyzer warnings.Should pass PSMissingModuleManifestField" time="0.0006" asserts="0" success="True" result="Success" executed="True" />
              <test-case description="Should pass PSPlaceCloseBrace" name="File build.ps1 should not produce any PSScriptAnalyzer warnings.Should pass PSPlaceCloseBrace" time="0.0006" asserts="0" success="True" result="Success" executed="True" />
              <test-case description="Should pass PSPlaceOpenBrace" name="File build.ps1 should not produce any PSScriptAnalyzer warnings.Should pass PSPlaceOpenBrace" time="0.0006" asserts="0" success="True" result="Success" executed="True" />
              <test-case description="Should pass PSPossibleIncorrectComparisonWithNull" name="File build.ps1 should not produce any PSScriptAnalyzer warnings.Should pass PSPossibleIncorrectComparisonWithNull" time="0.0006" asserts="0" success="True" result="Success" executed="True" />
              <test-case description="Should pass PSPossibleIncorrectUsageOfAssignmentOperator" name="File build.ps1 should not produce any PSScriptAnalyzer warnings.Should pass PSPossibleIncorrectUsageOfAssignmentOperator" time="0.0006" asserts="0" success="True" result="Success" executed="True" />
              <test-case description="Should pass PSPossibleIncorrectUsageOfRedirectionOperator" name="File build.ps1 should not produce any PSScriptAnalyzer warnings.Should pass PSPossibleIncorrectUsageOfRedirectionOperator" time="0.0006" asserts="0" success="True" result="Success" executed="True" />
              <test-case description="Should pass PSProvideCommentHelp" name="File build.ps1 should not produce any PSScriptAnalyzer warnings.Should pass PSProvideCommentHelp" time="0.0006" asserts="0" success="True" result="Success" executed="True" />
              <test-case description="Should pass PSUseApprovedVerbs" name="File build.ps1 should not produce any PSScriptAnalyzer warnings.Should pass PSUseApprovedVerbs" time="0.0006" asserts="0" success="True" result="Success" executed="True" />
              <test-case description="Should pass PSUseBOMForUnicodeEncodedFile" name="File build.ps1 should not produce any PSScriptAnalyzer warnings.Should pass PSUseBOMForUnicodeEncodedFile" time="0.0007" asserts="0" success="True" result="Success" executed="True" />
              <test-case description="Should pass PSUseCmdletCorrectly" name="File build.ps1 should not produce any PSScriptAnalyzer warnings.Should pass PSUseCmdletCorrectly" time="0.0005" asserts="0" success="True" result="Success" executed="True" />
              <test-case description="Should pass PSUseCompatibleCmdlets" name="File build.ps1 should not produce any PSScriptAnalyzer warnings.Should pass PSUseCompatibleCmdlets" time="0.0005" asserts="0" success="True" result="Success" executed="True" />
              <test-case description="Should pass PSUseConsistentIndentation" name="File build.ps1 should not produce any PSScriptAnalyzer warnings.Should pass PSUseConsistentIndentation" time="0.0005" asserts="0" success="True" result="Success" executed="True" />
              <test-case description="Should pass PSUseConsistentWhitespace" name="File build.ps1 should not produce any PSScriptAnalyzer warnings.Should pass PSUseConsistentWhitespace" time="0.0006" asserts="0" success="True" result="Success" executed="True" />
              <test-case description="Should pass PSUseCorrectCasing" name="File build.ps1 should not produce any PSScriptAnalyzer warnings.Should pass PSUseCorrectCasing" time="0.0005" asserts="0" success="True" result="Success" executed="True" />
              <test-case description="Should pass PSUseDeclaredVarsMoreThanAssignments" name="File build.ps1 should not produce any PSScriptAnalyzer warnings.Should pass PSUseDeclaredVarsMoreThanAssignments" time="0.0005" asserts="0" success="True" result="Success" executed="True" />
              <test-case description="Should pass PSUseLiteralInitializerForHashtable" name="File build.ps1 should not produce any PSScriptAnalyzer warnings.Should pass PSUseLiteralInitializerForHashtable" time="0.0006" asserts="0" success="True" result="Success" executed="True" />
              <test-case description="Should pass PSUseOutputTypeCorrectly" name="File build.ps1 should not produce any PSScriptAnalyzer warnings.Should pass PSUseOutputTypeCorrectly" time="0.0006" asserts="0" success="True" result="Success" executed="True" />
              <test-case description="Should pass PSUsePSCredentialType" name="File build.ps1 should not produce any PSScriptAnalyzer warnings.Should pass PSUsePSCredentialType" time="0.0005" asserts="0" success="True" result="Success" executed="True" />
              <test-case description="Should pass PSShouldProcess" name="File build.ps1 should not produce any PSScriptAnalyzer warnings.Should pass PSShouldProcess" time="0.0005" asserts="0" success="True" result="Success" executed="True" />
              <test-case description="Should pass PSUseShouldProcessForStateChangingFunctions" name="File build.ps1 should not produce any PSScriptAnalyzer warnings.Should pass PSUseShouldProcessForStateChangingFunctions" time="0.0005" asserts="0" success="True" result="Success" executed="True" />
              <test-case description="Should pass PSUseSingularNouns" name="File build.ps1 should not produce any PSScriptAnalyzer warnings.Should pass PSUseSingularNouns" time="0.0005" asserts="0" success="True" result="Success" executed="True" />
              <test-case description="Should pass PSUseSupportsShouldProcess" name="File build.ps1 should not produce any PSScriptAnalyzer warnings.Should pass PSUseSupportsShouldProcess" time="0.0007" asserts="0" success="True" result="Success" executed="True" />
              <test-case description="Should pass PSUseToExportFieldsInManifest" name="File build.ps1 should not produce any PSScriptAnalyzer warnings.Should pass PSUseToExportFieldsInManifest" time="0.0006" asserts="0" success="True" result="Success" executed="True" />
              <test-case description="Should pass PSUseUTF8EncodingForHelpFile" name="File build.ps1 should not produce any PSScriptAnalyzer warnings.Should pass PSUseUTF8EncodingForHelpFile" time="0.0005" asserts="0" success="True" result="Success" executed="True" />
              <test-case description="Should pass PSDSCDscExamplesPresent" name="File build.ps1 should not produce any PSScriptAnalyzer warnings.Should pass PSDSCDscExamplesPresent" time="0.0005" asserts="0" success="True" result="Success" executed="True" />
              <test-case description="Should pass PSDSCDscTestsPresent" name="File build.ps1 should not produce any PSScriptAnalyzer warnings.Should pass PSDSCDscTestsPresent" time="0.0006" asserts="0" success="True" result="Success" executed="True" />
              <test-case description="Should pass PSDSCReturnCorrectTypesForDSCFunctions" name="File build.ps1 should not produce any PSScriptAnalyzer warnings.Should pass PSDSCReturnCorrectTypesForDSCFunctions" time="0.0009" asserts="0" success="True" result="Success" executed="True" />
              <test-case description="Should pass PSDSCUseIdenticalMandatoryParametersForDSC" name="File build.ps1 should not produce any PSScriptAnalyzer warnings.Should pass PSDSCUseIdenticalMandatoryParametersForDSC" time="0.001" asserts="0" success="True" result="Success" executed="True" />
              <test-case description="Should pass PSDSCUseIdenticalParametersForDSC" name="File build.ps1 should not produce any PSScriptAnalyzer warnings.Should pass PSDSCUseIdenticalParametersForDSC" time="0.0005" asserts="0" success="True" result="Success" executed="True" />
              <test-case description="Should pass PSDSCStandardDSCFunctionsInResource" name="File build.ps1 should not produce any PSScriptAnalyzer warnings.Should pass PSDSCStandardDSCFunctionsInResource" time="0.0005" asserts="0" success="True" result="Success" executed="True" />
              <test-case description="Should pass PSDSCUseVerboseMessageInDSCResource" name="File build.ps1 should not produce any PSScriptAnalyzer warnings.Should pass PSDSCUseVerboseMessageInDSCResource" time="0.0006" asserts="0" success="True" result="Success" executed="True" />
            </results>
          </test-suite>
          <test-suite type="TestFixture" name="File install.ps1 should not produce any PSScriptAnalyzer warnings" executed="True" result="Success" success="True" time="0.5453" asserts="0" description="File install.ps1 should not produce any PSScriptAnalyzer warnings">
            <results>
              <test-case description="Should pass PSAlignAssignmentStatement" name="File install.ps1 should not produce any PSScriptAnalyzer warnings.Should pass PSAlignAssignmentStatement" time="0.0007" asserts="0" success="True" result="Success" executed="True" />
              <test-case description="Should pass PSAvoidUsingCmdletAliases" name="File install.ps1 should not produce any PSScriptAnalyzer warnings.Should pass PSAvoidUsingCmdletAliases" time="0.001" asserts="0" success="True" result="Success" executed="True" />
              <test-case description="Should pass PSAvoidAssignmentToAutomaticVariable" name="File install.ps1 should not produce any PSScriptAnalyzer warnings.Should pass PSAvoidAssignmentToAutomaticVariable" time="0.0007" asserts="0" success="True" result="Success" executed="True" />
              <test-case description="Should pass PSAvoidDefaultValueSwitchParameter" name="File install.ps1 should not produce any PSScriptAnalyzer warnings.Should pass PSAvoidDefaultValueSwitchParameter" time="0.0007" asserts="0" success="True" result="Success" executed="True" />
              <test-case description="Should pass PSAvoidDefaultValueForMandatoryParameter" name="File install.ps1 should not produce any PSScriptAnalyzer warnings.Should pass PSAvoidDefaultValueForMandatoryParameter" time="0.0013" asserts="0" success="True" result="Success" executed="True" />
              <test-case description="Should pass PSAvoidUsingEmptyCatchBlock" name="File install.ps1 should not produce any PSScriptAnalyzer warnings.Should pass PSAvoidUsingEmptyCatchBlock" time="0.0009" asserts="0" success="True" result="Success" executed="True" />
              <test-case description="Should pass PSAvoidGlobalAliases" name="File install.ps1 should not produce any PSScriptAnalyzer warnings.Should pass PSAvoidGlobalAliases" time="0.0007" asserts="0" success="True" result="Success" executed="True" />
              <test-case description="Should pass PSAvoidGlobalFunctions" name="File install.ps1 should not produce any PSScriptAnalyzer warnings.Should pass PSAvoidGlobalFunctions" time="0.001" asserts="0" success="True" result="Success" executed="True" />
              <test-case description="Should pass PSAvoidGlobalVars" name="File install.ps1 should not produce any PSScriptAnalyzer warnings.Should pass PSAvoidGlobalVars" time="0.001" asserts="0" success="True" result="Success" executed="True" />
              <test-case description="Should pass PSAvoidInvokingEmptyMembers" name="File install.ps1 should not produce any PSScriptAnalyzer warnings.Should pass PSAvoidInvokingEmptyMembers" time="0.001" asserts="0" success="True" result="Success" executed="True" />
              <test-case description="Should pass PSAvoidNullOrEmptyHelpMessageAttribute" name="File install.ps1 should not produce any PSScriptAnalyzer warnings.Should pass PSAvoidNullOrEmptyHelpMessageAttribute" time="0.001" asserts="0" success="True" result="Success" executed="True" />
              <test-case description="Should pass PSAvoidUsingPositionalParameters" name="File install.ps1 should not produce any PSScriptAnalyzer warnings.Should pass PSAvoidUsingPositionalParameters" time="0.0023" asserts="0" success="True" result="Success" executed="True" />
              <test-case description="Should pass PSReservedCmdletChar" name="File install.ps1 should not produce any PSScriptAnalyzer warnings.Should pass PSReservedCmdletChar" time="0.0013" asserts="0" success="True" result="Success" executed="True" />
              <test-case description="Should pass PSReservedParams" name="File install.ps1 should not produce any PSScriptAnalyzer warnings.Should pass PSReservedParams" time="0.0007" asserts="0" success="True" result="Success" executed="True" />
              <test-case description="Should pass PSAvoidShouldContinueWithoutForce" name="File install.ps1 should not produce any PSScriptAnalyzer warnings.Should pass PSAvoidShouldContinueWithoutForce" time="0.0015" asserts="0" success="True" result="Success" executed="True" />
              <test-case description="Should pass PSAvoidTrailingWhitespace" name="File install.ps1 should not produce any PSScriptAnalyzer warnings.Should pass PSAvoidTrailingWhitespace" time="0.0008" asserts="0" success="True" result="Success" executed="True" />
              <test-case description="Should pass PSAvoidUsingUsernameAndPasswordParams" name="File install.ps1 should not produce any PSScriptAnalyzer warnings.Should pass PSAvoidUsingUsernameAndPasswordParams" time="0.001" asserts="0" success="True" result="Success" executed="True" />
              <test-case description="Should pass PSAvoidUsingComputerNameHardcoded" name="File install.ps1 should not produce any PSScriptAnalyzer warnings.Should pass PSAvoidUsingComputerNameHardcoded" time="0.0026" asserts="0" success="True" result="Success" executed="True" />
              <test-case description="Should pass PSAvoidUsingConvertToSecureStringWithPlainText" name="File install.ps1 should not produce any PSScriptAnalyzer warnings.Should pass PSAvoidUsingConvertToSecureStringWithPlainText" time="0.0008" asserts="0" success="True" result="Success" executed="True" />
              <test-case description="Should pass PSAvoidUsingDeprecatedManifestFields" name="File install.ps1 should not produce any PSScriptAnalyzer warnings.Should pass PSAvoidUsingDeprecatedManifestFields" time="0.0008" asserts="0" success="True" result="Success" executed="True" />
              <test-case description="Should pass PSAvoidUsingInvokeExpression" name="File install.ps1 should not produce any PSScriptAnalyzer warnings.Should pass PSAvoidUsingInvokeExpression" time="0.0007" asserts="0" success="True" result="Success" executed="True" />
              <test-case description="Should pass PSAvoidUsingPlainTextForPassword" name="File install.ps1 should not produce any PSScriptAnalyzer warnings.Should pass PSAvoidUsingPlainTextForPassword" time="0.0008" asserts="0" success="True" result="Success" executed="True" />
              <test-case description="Should pass PSAvoidUsingWMICmdlet" name="File install.ps1 should not produce any PSScriptAnalyzer warnings.Should pass PSAvoidUsingWMICmdlet" time="0.0006" asserts="0" success="True" result="Success" executed="True" />
              <test-case description="Should pass PSAvoidUsingWriteHost" name="File install.ps1 should not produce any PSScriptAnalyzer warnings.Should pass PSAvoidUsingWriteHost" time="0.0019" asserts="0" success="True" result="Success" executed="True" />
              <test-case description="Should pass PSUseCompatibleCommands" name="File install.ps1 should not produce any PSScriptAnalyzer warnings.Should pass PSUseCompatibleCommands" time="0.0006" asserts="0" success="True" result="Success" executed="True" />
              <test-case description="Should pass PSUseCompatibleSyntax" name="File install.ps1 should not produce any PSScriptAnalyzer warnings.Should pass PSUseCompatibleSyntax" time="0.0006" asserts="0" success="True" result="Success" executed="True" />
              <test-case description="Should pass PSUseCompatibleTypes" name="File install.ps1 should not produce any PSScriptAnalyzer warnings.Should pass PSUseCompatibleTypes" time="0.0006" asserts="0" success="True" result="Success" executed="True" />
              <test-case description="Should pass PSMisleadingBacktick" name="File install.ps1 should not produce any PSScriptAnalyzer warnings.Should pass PSMisleadingBacktick" time="0.0006" asserts="0" success="True" result="Success" executed="True" />
              <test-case description="Should pass PSMissingModuleManifestField" name="File install.ps1 should not produce any PSScriptAnalyzer warnings.Should pass PSMissingModuleManifestField" time="0.0006" asserts="0" success="True" result="Success" executed="True" />
              <test-case description="Should pass PSPlaceCloseBrace" name="File install.ps1 should not produce any PSScriptAnalyzer warnings.Should pass PSPlaceCloseBrace" time="0.0018" asserts="0" success="True" result="Success" executed="True" />
              <test-case description="Should pass PSPlaceOpenBrace" name="File install.ps1 should not produce any PSScriptAnalyzer warnings.Should pass PSPlaceOpenBrace" time="0.0006" asserts="0" success="True" result="Success" executed="True" />
              <test-case description="Should pass PSPossibleIncorrectComparisonWithNull" name="File install.ps1 should not produce any PSScriptAnalyzer warnings.Should pass PSPossibleIncorrectComparisonWithNull" time="0.0006" asserts="0" success="True" result="Success" executed="True" />
              <test-case description="Should pass PSPossibleIncorrectUsageOfAssignmentOperator" name="File install.ps1 should not produce any PSScriptAnalyzer warnings.Should pass PSPossibleIncorrectUsageOfAssignmentOperator" time="0.0009" asserts="0" success="True" result="Success" executed="True" />
              <test-case description="Should pass PSPossibleIncorrectUsageOfRedirectionOperator" name="File install.ps1 should not produce any PSScriptAnalyzer warnings.Should pass PSPossibleIncorrectUsageOfRedirectionOperator" time="0.0006" asserts="0" success="True" result="Success" executed="True" />
              <test-case description="Should pass PSProvideCommentHelp" name="File install.ps1 should not produce any PSScriptAnalyzer warnings.Should pass PSProvideCommentHelp" time="0.0006" asserts="0" success="True" result="Success" executed="True" />
              <test-case description="Should pass PSUseApprovedVerbs" name="File install.ps1 should not produce any PSScriptAnalyzer warnings.Should pass PSUseApprovedVerbs" time="0.0006" asserts="0" success="True" result="Success" executed="True" />
              <test-case description="Should pass PSUseBOMForUnicodeEncodedFile" name="File install.ps1 should not produce any PSScriptAnalyzer warnings.Should pass PSUseBOMForUnicodeEncodedFile" time="0.0006" asserts="0" success="True" result="Success" executed="True" />
              <test-case description="Should pass PSUseCmdletCorrectly" name="File install.ps1 should not produce any PSScriptAnalyzer warnings.Should pass PSUseCmdletCorrectly" time="0.0006" asserts="0" success="True" result="Success" executed="True" />
              <test-case description="Should pass PSUseCompatibleCmdlets" name="File install.ps1 should not produce any PSScriptAnalyzer warnings.Should pass PSUseCompatibleCmdlets" time="0.0006" asserts="0" success="True" result="Success" executed="True" />
              <test-case description="Should pass PSUseConsistentIndentation" name="File install.ps1 should not produce any PSScriptAnalyzer warnings.Should pass PSUseConsistentIndentation" time="0.0006" asserts="0" success="True" result="Success" executed="True" />
              <test-case description="Should pass PSUseConsistentWhitespace" name="File install.ps1 should not produce any PSScriptAnalyzer warnings.Should pass PSUseConsistentWhitespace" time="0.0006" asserts="0" success="True" result="Success" executed="True" />
              <test-case description="Should pass PSUseCorrectCasing" name="File install.ps1 should not produce any PSScriptAnalyzer warnings.Should pass PSUseCorrectCasing" time="0.0009" asserts="0" success="True" result="Success" executed="True" />
              <test-case description="Should pass PSUseDeclaredVarsMoreThanAssignments" name="File install.ps1 should not produce any PSScriptAnalyzer warnings.Should pass PSUseDeclaredVarsMoreThanAssignments" time="0.0011" asserts="0" success="True" result="Success" executed="True" />
              <test-case description="Should pass PSUseLiteralInitializerForHashtable" name="File install.ps1 should not produce any PSScriptAnalyzer warnings.Should pass PSUseLiteralInitializerForHashtable" time="0.0006" asserts="0" success="True" result="Success" executed="True" />
              <test-case description="Should pass PSUseOutputTypeCorrectly" name="File install.ps1 should not produce any PSScriptAnalyzer warnings.Should pass PSUseOutputTypeCorrectly" time="0.0012" asserts="0" success="True" result="Success" executed="True" />
              <test-case description="Should pass PSUsePSCredentialType" name="File install.ps1 should not produce any PSScriptAnalyzer warnings.Should pass PSUsePSCredentialType" time="0.0006" asserts="0" success="True" result="Success" executed="True" />
              <test-case description="Should pass PSShouldProcess" name="File install.ps1 should not produce any PSScriptAnalyzer warnings.Should pass PSShouldProcess" time="0.0009" asserts="0" success="True" result="Success" executed="True" />
              <test-case description="Should pass PSUseShouldProcessForStateChangingFunctions" name="File install.ps1 should not produce any PSScriptAnalyzer warnings.Should pass PSUseShouldProcessForStateChangingFunctions" time="0.0009" asserts="0" success="True" result="Success" executed="True" />
              <test-case description="Should pass PSUseSingularNouns" name="File install.ps1 should not produce any PSScriptAnalyzer warnings.Should pass PSUseSingularNouns" time="0.0008" asserts="0" success="True" result="Success" executed="True" />
              <test-case description="Should pass PSUseSupportsShouldProcess" name="File install.ps1 should not produce any PSScriptAnalyzer warnings.Should pass PSUseSupportsShouldProcess" time="0.0008" asserts="0" success="True" result="Success" executed="True" />
              <test-case description="Should pass PSUseToExportFieldsInManifest" name="File install.ps1 should not produce any PSScriptAnalyzer warnings.Should pass PSUseToExportFieldsInManifest" time="0.0008" asserts="0" success="True" result="Success" executed="True" />
              <test-case description="Should pass PSUseUTF8EncodingForHelpFile" name="File install.ps1 should not produce any PSScriptAnalyzer warnings.Should pass PSUseUTF8EncodingForHelpFile" time="0.0008" asserts="0" success="True" result="Success" executed="True" />
              <test-case description="Should pass PSDSCDscExamplesPresent" name="File install.ps1 should not produce any PSScriptAnalyzer warnings.Should pass PSDSCDscExamplesPresent" time="0.0008" asserts="0" success="True" result="Success" executed="True" />
              <test-case description="Should pass PSDSCDscTestsPresent" name="File install.ps1 should not produce any PSScriptAnalyzer warnings.Should pass PSDSCDscTestsPresent" time="0.0008" asserts="0" success="True" result="Success" executed="True" />
              <test-case description="Should pass PSDSCReturnCorrectTypesForDSCFunctions" name="File install.ps1 should not produce any PSScriptAnalyzer warnings.Should pass PSDSCReturnCorrectTypesForDSCFunctions" time="0.0009" asserts="0" success="True" result="Success" executed="True" />
              <test-case description="Should pass PSDSCUseIdenticalMandatoryParametersForDSC" name="File install.ps1 should not produce any PSScriptAnalyzer warnings.Should pass PSDSCUseIdenticalMandatoryParametersForDSC" time="0.0008" asserts="0" success="True" result="Success" executed="True" />
              <test-case description="Should pass PSDSCUseIdenticalParametersForDSC" name="File install.ps1 should not produce any PSScriptAnalyzer warnings.Should pass PSDSCUseIdenticalParametersForDSC" time="0.0008" asserts="0" success="True" result="Success" executed="True" />
              <test-case description="Should pass PSDSCStandardDSCFunctionsInResource" name="File install.ps1 should not produce any PSScriptAnalyzer warnings.Should pass PSDSCStandardDSCFunctionsInResource" time="0.0009" asserts="0" success="True" result="Success" executed="True" />
              <test-case description="Should pass PSDSCUseVerboseMessageInDSCResource" name="File install.ps1 should not produce any PSScriptAnalyzer warnings.Should pass PSDSCUseVerboseMessageInDSCResource" time="0.0008" asserts="0" success="True" result="Success" executed="True" />
            </results>
          </test-suite>
          <test-suite type="TestFixture" name="File PSScriptAnalyzerSettings.psd1 should not produce any PSScriptAnalyzer warnings" executed="True" result="Success" success="True" time="0.4427" asserts="0" description="File PSScriptAnalyzerSettings.psd1 should not produce any PSScriptAnalyzer warnings">
            <results>
              <test-case description="Should pass PSAlignAssignmentStatement" name="File PSScriptAnalyzerSettings.psd1 should not produce any PSScriptAnalyzer warnings.Should pass PSAlignAssignmentStatement" time="0.001" asserts="0" success="True" result="Success" executed="True" />
              <test-case description="Should pass PSAvoidUsingCmdletAliases" name="File PSScriptAnalyzerSettings.psd1 should not produce any PSScriptAnalyzer warnings.Should pass PSAvoidUsingCmdletAliases" time="0.0006" asserts="0" success="True" result="Success" executed="True" />
              <test-case description="Should pass PSAvoidAssignmentToAutomaticVariable" name="File PSScriptAnalyzerSettings.psd1 should not produce any PSScriptAnalyzer warnings.Should pass PSAvoidAssignmentToAutomaticVariable" time="0.0006" asserts="0" success="True" result="Success" executed="True" />
              <test-case description="Should pass PSAvoidDefaultValueSwitchParameter" name="File PSScriptAnalyzerSettings.psd1 should not produce any PSScriptAnalyzer warnings.Should pass PSAvoidDefaultValueSwitchParameter" time="0.0006" asserts="0" success="True" result="Success" executed="True" />
              <test-case description="Should pass PSAvoidDefaultValueForMandatoryParameter" name="File PSScriptAnalyzerSettings.psd1 should not produce any PSScriptAnalyzer warnings.Should pass PSAvoidDefaultValueForMandatoryParameter" time="0.0006" asserts="0" success="True" result="Success" executed="True" />
              <test-case description="Should pass PSAvoidUsingEmptyCatchBlock" name="File PSScriptAnalyzerSettings.psd1 should not produce any PSScriptAnalyzer warnings.Should pass PSAvoidUsingEmptyCatchBlock" time="0.0006" asserts="0" success="True" result="Success" executed="True" />
              <test-case description="Should pass PSAvoidGlobalAliases" name="File PSScriptAnalyzerSettings.psd1 should not produce any PSScriptAnalyzer warnings.Should pass PSAvoidGlobalAliases" time="0.0006" asserts="0" success="True" result="Success" executed="True" />
              <test-case description="Should pass PSAvoidGlobalFunctions" name="File PSScriptAnalyzerSettings.psd1 should not produce any PSScriptAnalyzer warnings.Should pass PSAvoidGlobalFunctions" time="0.0006" asserts="0" success="True" result="Success" executed="True" />
              <test-case description="Should pass PSAvoidGlobalVars" name="File PSScriptAnalyzerSettings.psd1 should not produce any PSScriptAnalyzer warnings.Should pass PSAvoidGlobalVars" time="0.0006" asserts="0" success="True" result="Success" executed="True" />
              <test-case description="Should pass PSAvoidInvokingEmptyMembers" name="File PSScriptAnalyzerSettings.psd1 should not produce any PSScriptAnalyzer warnings.Should pass PSAvoidInvokingEmptyMembers" time="0.0006" asserts="0" success="True" result="Success" executed="True" />
              <test-case description="Should pass PSAvoidNullOrEmptyHelpMessageAttribute" name="File PSScriptAnalyzerSettings.psd1 should not produce any PSScriptAnalyzer warnings.Should pass PSAvoidNullOrEmptyHelpMessageAttribute" time="0.0006" asserts="0" success="True" result="Success" executed="True" />
              <test-case description="Should pass PSAvoidUsingPositionalParameters" name="File PSScriptAnalyzerSettings.psd1 should not produce any PSScriptAnalyzer warnings.Should pass PSAvoidUsingPositionalParameters" time="0.0006" asserts="0" success="True" result="Success" executed="True" />
              <test-case description="Should pass PSReservedCmdletChar" name="File PSScriptAnalyzerSettings.psd1 should not produce any PSScriptAnalyzer warnings.Should pass PSReservedCmdletChar" time="0.0007" asserts="0" success="True" result="Success" executed="True" />
              <test-case description="Should pass PSReservedParams" name="File PSScriptAnalyzerSettings.psd1 should not produce any PSScriptAnalyzer warnings.Should pass PSReservedParams" time="0.0006" asserts="0" success="True" result="Success" executed="True" />
              <test-case description="Should pass PSAvoidShouldContinueWithoutForce" name="File PSScriptAnalyzerSettings.psd1 should not produce any PSScriptAnalyzer warnings.Should pass PSAvoidShouldContinueWithoutForce" time="0.0006" asserts="0" success="True" result="Success" executed="True" />
              <test-case description="Should pass PSAvoidTrailingWhitespace" name="File PSScriptAnalyzerSettings.psd1 should not produce any PSScriptAnalyzer warnings.Should pass PSAvoidTrailingWhitespace" time="0.0006" asserts="0" success="True" result="Success" executed="True" />
              <test-case description="Should pass PSAvoidUsingUsernameAndPasswordParams" name="File PSScriptAnalyzerSettings.psd1 should not produce any PSScriptAnalyzer warnings.Should pass PSAvoidUsingUsernameAndPasswordParams" time="0.0006" asserts="0" success="True" result="Success" executed="True" />
              <test-case description="Should pass PSAvoidUsingComputerNameHardcoded" name="File PSScriptAnalyzerSettings.psd1 should not produce any PSScriptAnalyzer warnings.Should pass PSAvoidUsingComputerNameHardcoded" time="0.0006" asserts="0" success="True" result="Success" executed="True" />
              <test-case description="Should pass PSAvoidUsingConvertToSecureStringWithPlainText" name="File PSScriptAnalyzerSettings.psd1 should not produce any PSScriptAnalyzer warnings.Should pass PSAvoidUsingConvertToSecureStringWithPlainText" time="0.001" asserts="0" success="True" result="Success" executed="True" />
              <test-case description="Should pass PSAvoidUsingDeprecatedManifestFields" name="File PSScriptAnalyzerSettings.psd1 should not produce any PSScriptAnalyzer warnings.Should pass PSAvoidUsingDeprecatedManifestFields" time="0.0006" asserts="0" success="True" result="Success" executed="True" />
              <test-case description="Should pass PSAvoidUsingInvokeExpression" name="File PSScriptAnalyzerSettings.psd1 should not produce any PSScriptAnalyzer warnings.Should pass PSAvoidUsingInvokeExpression" time="0.0006" asserts="0" success="True" result="Success" executed="True" />
              <test-case description="Should pass PSAvoidUsingPlainTextForPassword" name="File PSScriptAnalyzerSettings.psd1 should not produce any PSScriptAnalyzer warnings.Should pass PSAvoidUsingPlainTextForPassword" time="0.0006" asserts="0" success="True" result="Success" executed="True" />
              <test-case description="Should pass PSAvoidUsingWMICmdlet" name="File PSScriptAnalyzerSettings.psd1 should not produce any PSScriptAnalyzer warnings.Should pass PSAvoidUsingWMICmdlet" time="0.0006" asserts="0" success="True" result="Success" executed="True" />
              <test-case description="Should pass PSAvoidUsingWriteHost" name="File PSScriptAnalyzerSettings.psd1 should not produce any PSScriptAnalyzer warnings.Should pass PSAvoidUsingWriteHost" time="0.0008" asserts="0" success="True" result="Success" executed="True" />
              <test-case description="Should pass PSUseCompatibleCommands" name="File PSScriptAnalyzerSettings.psd1 should not produce any PSScriptAnalyzer warnings.Should pass PSUseCompatibleCommands" time="0.0011" asserts="0" success="True" result="Success" executed="True" />
              <test-case description="Should pass PSUseCompatibleSyntax" name="File PSScriptAnalyzerSettings.psd1 should not produce any PSScriptAnalyzer warnings.Should pass PSUseCompatibleSyntax" time="0.0008" asserts="0" success="True" result="Success" executed="True" />
              <test-case description="Should pass PSUseCompatibleTypes" name="File PSScriptAnalyzerSettings.psd1 should not produce any PSScriptAnalyzer warnings.Should pass PSUseCompatibleTypes" time="0.0006" asserts="0" success="True" result="Success" executed="True" />
              <test-case description="Should pass PSMisleadingBacktick" name="File PSScriptAnalyzerSettings.psd1 should not produce any PSScriptAnalyzer warnings.Should pass PSMisleadingBacktick" time="0.0007" asserts="0" success="True" result="Success" executed="True" />
              <test-case description="Should pass PSMissingModuleManifestField" name="File PSScriptAnalyzerSettings.psd1 should not produce any PSScriptAnalyzer warnings.Should pass PSMissingModuleManifestField" time="0.0005" asserts="0" success="True" result="Success" executed="True" />
              <test-case description="Should pass PSPlaceCloseBrace" name="File PSScriptAnalyzerSettings.psd1 should not produce any PSScriptAnalyzer warnings.Should pass PSPlaceCloseBrace" time="0.0005" asserts="0" success="True" result="Success" executed="True" />
              <test-case description="Should pass PSPlaceOpenBrace" name="File PSScriptAnalyzerSettings.psd1 should not produce any PSScriptAnalyzer warnings.Should pass PSPlaceOpenBrace" time="0.0005" asserts="0" success="True" result="Success" executed="True" />
              <test-case description="Should pass PSPossibleIncorrectComparisonWithNull" name="File PSScriptAnalyzerSettings.psd1 should not produce any PSScriptAnalyzer warnings.Should pass PSPossibleIncorrectComparisonWithNull" time="0.0008" asserts="0" success="True" result="Success" executed="True" />
              <test-case description="Should pass PSPossibleIncorrectUsageOfAssignmentOperator" name="File PSScriptAnalyzerSettings.psd1 should not produce any PSScriptAnalyzer warnings.Should pass PSPossibleIncorrectUsageOfAssignmentOperator" time="0.0008" asserts="0" success="True" result="Success" executed="True" />
              <test-case description="Should pass PSPossibleIncorrectUsageOfRedirectionOperator" name="File PSScriptAnalyzerSettings.psd1 should not produce any PSScriptAnalyzer warnings.Should pass PSPossibleIncorrectUsageOfRedirectionOperator" time="0.0005" asserts="0" success="True" result="Success" executed="True" />
              <test-case description="Should pass PSProvideCommentHelp" name="File PSScriptAnalyzerSettings.psd1 should not produce any PSScriptAnalyzer warnings.Should pass PSProvideCommentHelp" time="0.0005" asserts="0" success="True" result="Success" executed="True" />
              <test-case description="Should pass PSUseApprovedVerbs" name="File PSScriptAnalyzerSettings.psd1 should not produce any PSScriptAnalyzer warnings.Should pass PSUseApprovedVerbs" time="0.0005" asserts="0" success="True" result="Success" executed="True" />
              <test-case description="Should pass PSUseBOMForUnicodeEncodedFile" name="File PSScriptAnalyzerSettings.psd1 should not produce any PSScriptAnalyzer warnings.Should pass PSUseBOMForUnicodeEncodedFile" time="0.0005" asserts="0" success="True" result="Success" executed="True" />
              <test-case description="Should pass PSUseCmdletCorrectly" name="File PSScriptAnalyzerSettings.psd1 should not produce any PSScriptAnalyzer warnings.Should pass PSUseCmdletCorrectly" time="0.0006" asserts="0" success="True" result="Success" executed="True" />
              <test-case description="Should pass PSUseCompatibleCmdlets" name="File PSScriptAnalyzerSettings.psd1 should not produce any PSScriptAnalyzer warnings.Should pass PSUseCompatibleCmdlets" time="0.0006" asserts="0" success="True" result="Success" executed="True" />
              <test-case description="Should pass PSUseConsistentIndentation" name="File PSScriptAnalyzerSettings.psd1 should not produce any PSScriptAnalyzer warnings.Should pass PSUseConsistentIndentation" time="0.0005" asserts="0" success="True" result="Success" executed="True" />
              <test-case description="Should pass PSUseConsistentWhitespace" name="File PSScriptAnalyzerSettings.psd1 should not produce any PSScriptAnalyzer warnings.Should pass PSUseConsistentWhitespace" time="0.0008" asserts="0" success="True" result="Success" executed="True" />
              <test-case description="Should pass PSUseCorrectCasing" name="File PSScriptAnalyzerSettings.psd1 should not produce any PSScriptAnalyzer warnings.Should pass PSUseCorrectCasing" time="0.0006" asserts="0" success="True" result="Success" executed="True" />
              <test-case description="Should pass PSUseDeclaredVarsMoreThanAssignments" name="File PSScriptAnalyzerSettings.psd1 should not produce any PSScriptAnalyzer warnings.Should pass PSUseDeclaredVarsMoreThanAssignments" time="0.0005" asserts="0" success="True" result="Success" executed="True" />
              <test-case description="Should pass PSUseLiteralInitializerForHashtable" name="File PSScriptAnalyzerSettings.psd1 should not produce any PSScriptAnalyzer warnings.Should pass PSUseLiteralInitializerForHashtable" time="0.0006" asserts="0" success="True" result="Success" executed="True" />
              <test-case description="Should pass PSUseOutputTypeCorrectly" name="File PSScriptAnalyzerSettings.psd1 should not produce any PSScriptAnalyzer warnings.Should pass PSUseOutputTypeCorrectly" time="0.0008" asserts="0" success="True" result="Success" executed="True" />
              <test-case description="Should pass PSUsePSCredentialType" name="File PSScriptAnalyzerSettings.psd1 should not produce any PSScriptAnalyzer warnings.Should pass PSUsePSCredentialType" time="0.0005" asserts="0" success="True" result="Success" executed="True" />
              <test-case description="Should pass PSShouldProcess" name="File PSScriptAnalyzerSettings.psd1 should not produce any PSScriptAnalyzer warnings.Should pass PSShouldProcess" time="0.0009" asserts="0" success="True" result="Success" executed="True" />
              <test-case description="Should pass PSUseShouldProcessForStateChangingFunctions" name="File PSScriptAnalyzerSettings.psd1 should not produce any PSScriptAnalyzer warnings.Should pass PSUseShouldProcessForStateChangingFunctions" time="0.0009" asserts="0" success="True" result="Success" executed="True" />
              <test-case description="Should pass PSUseSingularNouns" name="File PSScriptAnalyzerSettings.psd1 should not produce any PSScriptAnalyzer warnings.Should pass PSUseSingularNouns" time="0.0009" asserts="0" success="True" result="Success" executed="True" />
              <test-case description="Should pass PSUseSupportsShouldProcess" name="File PSScriptAnalyzerSettings.psd1 should not produce any PSScriptAnalyzer warnings.Should pass PSUseSupportsShouldProcess" time="0.0009" asserts="0" success="True" result="Success" executed="True" />
              <test-case description="Should pass PSUseToExportFieldsInManifest" name="File PSScriptAnalyzerSettings.psd1 should not produce any PSScriptAnalyzer warnings.Should pass PSUseToExportFieldsInManifest" time="0.0009" asserts="0" success="True" result="Success" executed="True" />
              <test-case description="Should pass PSUseUTF8EncodingForHelpFile" name="File PSScriptAnalyzerSettings.psd1 should not produce any PSScriptAnalyzer warnings.Should pass PSUseUTF8EncodingForHelpFile" time="0.0047" asserts="0" success="True" result="Success" executed="True" />
              <test-case description="Should pass PSDSCDscExamplesPresent" name="File PSScriptAnalyzerSettings.psd1 should not produce any PSScriptAnalyzer warnings.Should pass PSDSCDscExamplesPresent" time="0.001" asserts="0" success="True" result="Success" executed="True" />
              <test-case description="Should pass PSDSCDscTestsPresent" name="File PSScriptAnalyzerSettings.psd1 should not produce any PSScriptAnalyzer warnings.Should pass PSDSCDscTestsPresent" time="0.0008" asserts="0" success="True" result="Success" executed="True" />
              <test-case description="Should pass PSDSCReturnCorrectTypesForDSCFunctions" name="File PSScriptAnalyzerSettings.psd1 should not produce any PSScriptAnalyzer warnings.Should pass PSDSCReturnCorrectTypesForDSCFunctions" time="0.0009" asserts="0" success="True" result="Success" executed="True" />
              <test-case description="Should pass PSDSCUseIdenticalMandatoryParametersForDSC" name="File PSScriptAnalyzerSettings.psd1 should not produce any PSScriptAnalyzer warnings.Should pass PSDSCUseIdenticalMandatoryParametersForDSC" time="0.001" asserts="0" success="True" result="Success" executed="True" />
              <test-case description="Should pass PSDSCUseIdenticalParametersForDSC" name="File PSScriptAnalyzerSettings.psd1 should not produce any PSScriptAnalyzer warnings.Should pass PSDSCUseIdenticalParametersForDSC" time="0.0011" asserts="0" success="True" result="Success" executed="True" />
              <test-case description="Should pass PSDSCStandardDSCFunctionsInResource" name="File PSScriptAnalyzerSettings.psd1 should not produce any PSScriptAnalyzer warnings.Should pass PSDSCStandardDSCFunctionsInResource" time="0.0009" asserts="0" success="True" result="Success" executed="True" />
              <test-case description="Should pass PSDSCUseVerboseMessageInDSCResource" name="File PSScriptAnalyzerSettings.psd1 should not produce any PSScriptAnalyzer warnings.Should pass PSDSCUseVerboseMessageInDSCResource" time="0.0009" asserts="0" success="True" result="Success" executed="True" />
            </results>
          </test-suite>
          <test-suite type="TestFixture" name="File SteamPS.psd1 should not produce any PSScriptAnalyzer warnings" executed="True" result="Success" success="True" time="0.5237" asserts="0" description="File SteamPS.psd1 should not produce any PSScriptAnalyzer warnings">
            <results>
              <test-case description="Should pass PSAlignAssignmentStatement" name="File SteamPS.psd1 should not produce any PSScriptAnalyzer warnings.Should pass PSAlignAssignmentStatement" time="0.0007" asserts="0" success="True" result="Success" executed="True" />
              <test-case description="Should pass PSAvoidUsingCmdletAliases" name="File SteamPS.psd1 should not produce any PSScriptAnalyzer warnings.Should pass PSAvoidUsingCmdletAliases" time="0.0006" asserts="0" success="True" result="Success" executed="True" />
              <test-case description="Should pass PSAvoidAssignmentToAutomaticVariable" name="File SteamPS.psd1 should not produce any PSScriptAnalyzer warnings.Should pass PSAvoidAssignmentToAutomaticVariable" time="0.0006" asserts="0" success="True" result="Success" executed="True" />
              <test-case description="Should pass PSAvoidDefaultValueSwitchParameter" name="File SteamPS.psd1 should not produce any PSScriptAnalyzer warnings.Should pass PSAvoidDefaultValueSwitchParameter" time="0.0006" asserts="0" success="True" result="Success" executed="True" />
              <test-case description="Should pass PSAvoidDefaultValueForMandatoryParameter" name="File SteamPS.psd1 should not produce any PSScriptAnalyzer warnings.Should pass PSAvoidDefaultValueForMandatoryParameter" time="0.0006" asserts="0" success="True" result="Success" executed="True" />
              <test-case description="Should pass PSAvoidUsingEmptyCatchBlock" name="File SteamPS.psd1 should not produce any PSScriptAnalyzer warnings.Should pass PSAvoidUsingEmptyCatchBlock" time="0.0006" asserts="0" success="True" result="Success" executed="True" />
              <test-case description="Should pass PSAvoidGlobalAliases" name="File SteamPS.psd1 should not produce any PSScriptAnalyzer warnings.Should pass PSAvoidGlobalAliases" time="0.001" asserts="0" success="True" result="Success" executed="True" />
              <test-case description="Should pass PSAvoidGlobalFunctions" name="File SteamPS.psd1 should not produce any PSScriptAnalyzer warnings.Should pass PSAvoidGlobalFunctions" time="0.001" asserts="0" success="True" result="Success" executed="True" />
              <test-case description="Should pass PSAvoidGlobalVars" name="File SteamPS.psd1 should not produce any PSScriptAnalyzer warnings.Should pass PSAvoidGlobalVars" time="0.001" asserts="0" success="True" result="Success" executed="True" />
              <test-case description="Should pass PSAvoidInvokingEmptyMembers" name="File SteamPS.psd1 should not produce any PSScriptAnalyzer warnings.Should pass PSAvoidInvokingEmptyMembers" time="0.001" asserts="0" success="True" result="Success" executed="True" />
              <test-case description="Should pass PSAvoidNullOrEmptyHelpMessageAttribute" name="File SteamPS.psd1 should not produce any PSScriptAnalyzer warnings.Should pass PSAvoidNullOrEmptyHelpMessageAttribute" time="0.0006" asserts="0" success="True" result="Success" executed="True" />
              <test-case description="Should pass PSAvoidUsingPositionalParameters" name="File SteamPS.psd1 should not produce any PSScriptAnalyzer warnings.Should pass PSAvoidUsingPositionalParameters" time="0.0007" asserts="0" success="True" result="Success" executed="True" />
              <test-case description="Should pass PSReservedCmdletChar" name="File SteamPS.psd1 should not produce any PSScriptAnalyzer warnings.Should pass PSReservedCmdletChar" time="0.0006" asserts="0" success="True" result="Success" executed="True" />
              <test-case description="Should pass PSReservedParams" name="File SteamPS.psd1 should not produce any PSScriptAnalyzer warnings.Should pass PSReservedParams" time="0.0007" asserts="0" success="True" result="Success" executed="True" />
              <test-case description="Should pass PSAvoidShouldContinueWithoutForce" name="File SteamPS.psd1 should not produce any PSScriptAnalyzer warnings.Should pass PSAvoidShouldContinueWithoutForce" time="0.0006" asserts="0" success="True" result="Success" executed="True" />
              <test-case description="Should pass PSAvoidTrailingWhitespace" name="File SteamPS.psd1 should not produce any PSScriptAnalyzer warnings.Should pass PSAvoidTrailingWhitespace" time="0.0006" asserts="0" success="True" result="Success" executed="True" />
              <test-case description="Should pass PSAvoidUsingUsernameAndPasswordParams" name="File SteamPS.psd1 should not produce any PSScriptAnalyzer warnings.Should pass PSAvoidUsingUsernameAndPasswordParams" time="0.0006" asserts="0" success="True" result="Success" executed="True" />
              <test-case description="Should pass PSAvoidUsingComputerNameHardcoded" name="File SteamPS.psd1 should not produce any PSScriptAnalyzer warnings.Should pass PSAvoidUsingComputerNameHardcoded" time="0.0008" asserts="0" success="True" result="Success" executed="True" />
              <test-case description="Should pass PSAvoidUsingConvertToSecureStringWithPlainText" name="File SteamPS.psd1 should not produce any PSScriptAnalyzer warnings.Should pass PSAvoidUsingConvertToSecureStringWithPlainText" time="0.0009" asserts="0" success="True" result="Success" executed="True" />
              <test-case description="Should pass PSAvoidUsingDeprecatedManifestFields" name="File SteamPS.psd1 should not produce any PSScriptAnalyzer warnings.Should pass PSAvoidUsingDeprecatedManifestFields" time="0.001" asserts="0" success="True" result="Success" executed="True" />
              <test-case description="Should pass PSAvoidUsingInvokeExpression" name="File SteamPS.psd1 should not produce any PSScriptAnalyzer warnings.Should pass PSAvoidUsingInvokeExpression" time="0.001" asserts="0" success="True" result="Success" executed="True" />
              <test-case description="Should pass PSAvoidUsingPlainTextForPassword" name="File SteamPS.psd1 should not produce any PSScriptAnalyzer warnings.Should pass PSAvoidUsingPlainTextForPassword" time="0.0014" asserts="0" success="True" result="Success" executed="True" />
              <test-case description="Should pass PSAvoidUsingWMICmdlet" name="File SteamPS.psd1 should not produce any PSScriptAnalyzer warnings.Should pass PSAvoidUsingWMICmdlet" time="0.001" asserts="0" success="True" result="Success" executed="True" />
              <test-case description="Should pass PSAvoidUsingWriteHost" name="File SteamPS.psd1 should not produce any PSScriptAnalyzer warnings.Should pass PSAvoidUsingWriteHost" time="0.0006" asserts="0" success="True" result="Success" executed="True" />
              <test-case description="Should pass PSUseCompatibleCommands" name="File SteamPS.psd1 should not produce any PSScriptAnalyzer warnings.Should pass PSUseCompatibleCommands" time="0.0011" asserts="0" success="True" result="Success" executed="True" />
              <test-case description="Should pass PSUseCompatibleSyntax" name="File SteamPS.psd1 should not produce any PSScriptAnalyzer warnings.Should pass PSUseCompatibleSyntax" time="0.0007" asserts="0" success="True" result="Success" executed="True" />
              <test-case description="Should pass PSUseCompatibleTypes" name="File SteamPS.psd1 should not produce any PSScriptAnalyzer warnings.Should pass PSUseCompatibleTypes" time="0.0006" asserts="0" success="True" result="Success" executed="True" />
              <test-case description="Should pass PSMisleadingBacktick" name="File SteamPS.psd1 should not produce any PSScriptAnalyzer warnings.Should pass PSMisleadingBacktick" time="0.0007" asserts="0" success="True" result="Success" executed="True" />
              <test-case description="Should pass PSMissingModuleManifestField" name="File SteamPS.psd1 should not produce any PSScriptAnalyzer warnings.Should pass PSMissingModuleManifestField" time="0.0008" asserts="0" success="True" result="Success" executed="True" />
              <test-case description="Should pass PSPlaceCloseBrace" name="File SteamPS.psd1 should not produce any PSScriptAnalyzer warnings.Should pass PSPlaceCloseBrace" time="0.0005" asserts="0" success="True" result="Success" executed="True" />
              <test-case description="Should pass PSPlaceOpenBrace" name="File SteamPS.psd1 should not produce any PSScriptAnalyzer warnings.Should pass PSPlaceOpenBrace" time="0.0007" asserts="0" success="True" result="Success" executed="True" />
              <test-case description="Should pass PSPossibleIncorrectComparisonWithNull" name="File SteamPS.psd1 should not produce any PSScriptAnalyzer warnings.Should pass PSPossibleIncorrectComparisonWithNull" time="0.0005" asserts="0" success="True" result="Success" executed="True" />
              <test-case description="Should pass PSPossibleIncorrectUsageOfAssignmentOperator" name="File SteamPS.psd1 should not produce any PSScriptAnalyzer warnings.Should pass PSPossibleIncorrectUsageOfAssignmentOperator" time="0.0006" asserts="0" success="True" result="Success" executed="True" />
              <test-case description="Should pass PSPossibleIncorrectUsageOfRedirectionOperator" name="File SteamPS.psd1 should not produce any PSScriptAnalyzer warnings.Should pass PSPossibleIncorrectUsageOfRedirectionOperator" time="0.0008" asserts="0" success="True" result="Success" executed="True" />
              <test-case description="Should pass PSProvideCommentHelp" name="File SteamPS.psd1 should not produce any PSScriptAnalyzer warnings.Should pass PSProvideCommentHelp" time="0.0007" asserts="0" success="True" result="Success" executed="True" />
              <test-case description="Should pass PSUseApprovedVerbs" name="File SteamPS.psd1 should not produce any PSScriptAnalyzer warnings.Should pass PSUseApprovedVerbs" time="0.001" asserts="0" success="True" result="Success" executed="True" />
              <test-case description="Should pass PSUseBOMForUnicodeEncodedFile" name="File SteamPS.psd1 should not produce any PSScriptAnalyzer warnings.Should pass PSUseBOMForUnicodeEncodedFile" time="0.0007" asserts="0" success="True" result="Success" executed="True" />
[...]
              <test-case description="Should pass PSUseToExportFieldsInManifest" name="File ModuleValidation.Tests.ps1 should not produce any PSScriptAnalyzer warnings.Should pass PSUseToExportFieldsInManifest" time="0.0006" asserts="0" success="True" result="Success" executed="True" />
              <test-case description="Should pass PSUseUTF8EncodingForHelpFile" name="File ModuleValidation.Tests.ps1 should not produce any PSScriptAnalyzer warnings.Should pass PSUseUTF8EncodingForHelpFile" time="0.0006" asserts="0" success="True" result="Success" executed="True" />
              <test-case description="Should pass PSDSCDscExamplesPresent" name="File ModuleValidation.Tests.ps1 should not produce any PSScriptAnalyzer warnings.Should pass PSDSCDscExamplesPresent" time="0.0006" asserts="0" success="True" result="Success" executed="True" />
              <test-case description="Should pass PSDSCDscTestsPresent" name="File ModuleValidation.Tests.ps1 should not produce any PSScriptAnalyzer warnings.Should pass PSDSCDscTestsPresent" time="0.0006" asserts="0" success="True" result="Success" executed="True" />
              <test-case description="Should pass PSDSCReturnCorrectTypesForDSCFunctions" name="File ModuleValidation.Tests.ps1 should not produce any PSScriptAnalyzer warnings.Should pass PSDSCReturnCorrectTypesForDSCFunctions" time="0.0006" asserts="0" success="True" result="Success" executed="True" />
              <test-case description="Should pass PSDSCUseIdenticalMandatoryParametersForDSC" name="File ModuleValidation.Tests.ps1 should not produce any PSScriptAnalyzer warnings.Should pass PSDSCUseIdenticalMandatoryParametersForDSC" time="0.0007" asserts="0" success="True" result="Success" executed="True" />
              <test-case description="Should pass PSDSCUseIdenticalParametersForDSC" name="File ModuleValidation.Tests.ps1 should not produce any PSScriptAnalyzer warnings.Should pass PSDSCUseIdenticalParametersForDSC" time="0.0006" asserts="0" success="True" result="Success" executed="True" />
              <test-case description="Should pass PSDSCStandardDSCFunctionsInResource" name="File ModuleValidation.Tests.ps1 should not produce any PSScriptAnalyzer warnings.Should pass PSDSCStandardDSCFunctionsInResource" time="0.0006" asserts="0" success="True" result="Success" executed="True" />
              <test-case description="Should pass PSDSCUseVerboseMessageInDSCResource" name="File ModuleValidation.Tests.ps1 should not produce any PSScriptAnalyzer warnings.Should pass PSDSCUseVerboseMessageInDSCResource" time="0.0005" asserts="0" success="True" result="Success" executed="True" />
            </results>
          </test-suite>
          <test-suite type="TestFixture" name="File PSScriptAnalyzer.Tests.ps1 should not produce any PSScriptAnalyzer warnings" executed="True" result="Success" success="True" time="0.5239" asserts="0" description="File PSScriptAnalyzer.Tests.ps1 should not produce any PSScriptAnalyzer warnings">
            <results>
              <test-case description="Should pass PSAlignAssignmentStatement" name="File PSScriptAnalyzer.Tests.ps1 should not produce any PSScriptAnalyzer warnings.Should pass PSAlignAssignmentStatement" time="0.0008" asserts="0" success="True" result="Success" executed="True" />
              <test-case description="Should pass PSAvoidUsingCmdletAliases" name="File PSScriptAnalyzer.Tests.ps1 should not produce any PSScriptAnalyzer warnings.Should pass PSAvoidUsingCmdletAliases" time="0.0007" asserts="0" success="True" result="Success" executed="True" />
              <test-case description="Should pass PSAvoidAssignmentToAutomaticVariable" name="File PSScriptAnalyzer.Tests.ps1 should not produce any PSScriptAnalyzer warnings.Should pass PSAvoidAssignmentToAutomaticVariable" time="0.0006" asserts="0" success="True" result="Success" executed="True" />
              <test-case description="Should pass PSAvoidDefaultValueSwitchParameter" name="File PSScriptAnalyzer.Tests.ps1 should not produce any PSScriptAnalyzer warnings.Should pass PSAvoidDefaultValueSwitchParameter" time="0.0006" asserts="0" success="True" result="Success" executed="True" />
              <test-case description="Should pass PSAvoidDefaultValueForMandatoryParameter" name="File PSScriptAnalyzer.Tests.ps1 should not produce any PSScriptAnalyzer warnings.Should pass PSAvoidDefaultValueForMandatoryParameter" time="0.0006" asserts="0" success="True" result="Success" executed="True" />
              <test-case description="Should pass PSAvoidUsingEmptyCatchBlock" name="File PSScriptAnalyzer.Tests.ps1 should not produce any PSScriptAnalyzer warnings.Should pass PSAvoidUsingEmptyCatchBlock" time="0.0006" asserts="0" success="True" result="Success" executed="True" />
              <test-case description="Should pass PSAvoidGlobalAliases" name="File PSScriptAnalyzer.Tests.ps1 should not produce any PSScriptAnalyzer warnings.Should pass PSAvoidGlobalAliases" time="0.0006" asserts="0" success="True" result="Success" executed="True" />
              <test-case description="Should pass PSAvoidGlobalFunctions" name="File PSScriptAnalyzer.Tests.ps1 should not produce any PSScriptAnalyzer warnings.Should pass PSAvoidGlobalFunctions" time="0.0005" asserts="0" success="True" result="Success" executed="True" />
              <test-case description="Should pass PSAvoidGlobalVars" name="File PSScriptAnalyzer.Tests.ps1 should not produce any PSScriptAnalyzer warnings.Should pass PSAvoidGlobalVars" time="0.0005" asserts="0" success="True" result="Success" executed="True" />
              <test-case description="Should pass PSAvoidInvokingEmptyMembers" name="File PSScriptAnalyzer.Tests.ps1 should not produce any PSScriptAnalyzer warnings.Should pass PSAvoidInvokingEmptyMembers" time="0.0005" asserts="0" success="True" result="Success" executed="True" />
              <test-case description="Should pass PSAvoidNullOrEmptyHelpMessageAttribute" name="File PSScriptAnalyzer.Tests.ps1 should not produce any PSScriptAnalyzer warnings.Should pass PSAvoidNullOrEmptyHelpMessageAttribute" time="0.0006" asserts="0" success="True" result="Success" executed="True" />
              <test-case description="Should pass PSAvoidUsingPositionalParameters" name="File PSScriptAnalyzer.Tests.ps1 should not produce any PSScriptAnalyzer warnings.Should pass PSAvoidUsingPositionalParameters" time="0.0005" asserts="0" success="True" result="Success" executed="True" />
              <test-case description="Should pass PSReservedCmdletChar" name="File PSScriptAnalyzer.Tests.ps1 should not produce any PSScriptAnalyzer warnings.Should pass PSReservedCmdletChar" time="0.0006" asserts="0" success="True" result="Success" executed="True" />
              <test-case description="Should pass PSReservedParams" name="File PSScriptAnalyzer.Tests.ps1 should not produce any PSScriptAnalyzer warnings.Should pass PSReservedParams" time="0.0006" asserts="0" success="True" result="Success" executed="True" />
              <test-case description="Should pass PSAvoidShouldContinueWithoutForce" name="File PSScriptAnalyzer.Tests.ps1 should not produce any PSScriptAnalyzer warnings.Should pass PSAvoidShouldContinueWithoutForce" time="0.0005" asserts="0" success="True" result="Success" executed="True" />
              <test-case description="Should pass PSAvoidTrailingWhitespace" name="File PSScriptAnalyzer.Tests.ps1 should not produce any PSScriptAnalyzer warnings.Should pass PSAvoidTrailingWhitespace" time="0.0007" asserts="0" success="True" result="Success" executed="True" />
              <test-case description="Should pass PSAvoidUsingUsernameAndPasswordParams" name="File PSScriptAnalyzer.Tests.ps1 should not produce any PSScriptAnalyzer warnings.Should pass PSAvoidUsingUsernameAndPasswordParams" time="0.0005" asserts="0" success="True" result="Success" executed="True" />
              <test-case description="Should pass PSAvoidUsingComputerNameHardcoded" name="File PSScriptAnalyzer.Tests.ps1 should not produce any PSScriptAnalyzer warnings.Should pass PSAvoidUsingComputerNameHardcoded" time="0.0006" asserts="0" success="True" result="Success" executed="True" />
              <test-case description="Should pass PSAvoidUsingConvertToSecureStringWithPlainText" name="File PSScriptAnalyzer.Tests.ps1 should not produce any PSScriptAnalyzer warnings.Should pass PSAvoidUsingConvertToSecureStringWithPlainText" time="0.0006" asserts="0" success="True" result="Success" executed="True" />
              <test-case description="Should pass PSAvoidUsingDeprecatedManifestFields" name="File PSScriptAnalyzer.Tests.ps1 should not produce any PSScriptAnalyzer warnings.Should pass PSAvoidUsingDeprecatedManifestFields" time="0.0006" asserts="0" success="True" result="Success" executed="True" />
              <test-case description="Should pass PSAvoidUsingInvokeExpression" name="File PSScriptAnalyzer.Tests.ps1 should not produce any PSScriptAnalyzer warnings.Should pass PSAvoidUsingInvokeExpression" time="0.0006" asserts="0" success="True" result="Success" executed="True" />
              <test-case description="Should pass PSAvoidUsingPlainTextForPassword" name="File PSScriptAnalyzer.Tests.ps1 should not produce any PSScriptAnalyzer warnings.Should pass PSAvoidUsingPlainTextForPassword" time="0.0006" asserts="0" success="True" result="Success" executed="True" />
              <test-case description="Should pass PSAvoidUsingWMICmdlet" name="File PSScriptAnalyzer.Tests.ps1 should not produce any PSScriptAnalyzer warnings.Should pass PSAvoidUsingWMICmdlet" time="0.001" asserts="0" success="True" result="Success" executed="True" />
              <test-case description="Should pass PSAvoidUsingWriteHost" name="File PSScriptAnalyzer.Tests.ps1 should not produce any PSScriptAnalyzer warnings.Should pass PSAvoidUsingWriteHost" time="0.0009" asserts="0" success="True" result="Success" executed="True" />
              <test-case description="Should pass PSUseCompatibleCommands" name="File PSScriptAnalyzer.Tests.ps1 should not produce any PSScriptAnalyzer warnings.Should pass PSUseCompatibleCommands" time="0.0008" asserts="0" success="True" result="Success" executed="True" />
              <test-case description="Should pass PSUseCompatibleSyntax" name="File PSScriptAnalyzer.Tests.ps1 should not produce any PSScriptAnalyzer warnings.Should pass PSUseCompatibleSyntax" time="0.0005" asserts="0" success="True" result="Success" executed="True" />
              <test-case description="Should pass PSUseCompatibleTypes" name="File PSScriptAnalyzer.Tests.ps1 should not produce any PSScriptAnalyzer warnings.Should pass PSUseCompatibleTypes" time="0.0005" asserts="0" success="True" result="Success" executed="True" />
              <test-case description="Should pass PSMisleadingBacktick" name="File PSScriptAnalyzer.Tests.ps1 should not produce any PSScriptAnalyzer warnings.Should pass PSMisleadingBacktick" time="0.0006" asserts="0" success="True" result="Success" executed="True" />
              <test-case description="Should pass PSMissingModuleManifestField" name="File PSScriptAnalyzer.Tests.ps1 should not produce any PSScriptAnalyzer warnings.Should pass PSMissingModuleManifestField" time="0.0005" asserts="0" success="True" result="Success" executed="True" />
              <test-case description="Should pass PSPlaceCloseBrace" name="File PSScriptAnalyzer.Tests.ps1 should not produce any PSScriptAnalyzer warnings.Should pass PSPlaceCloseBrace" time="0.0006" asserts="0" success="True" result="Success" executed="True" />
              <test-case description="Should pass PSPlaceOpenBrace" name="File PSScriptAnalyzer.Tests.ps1 should not produce any PSScriptAnalyzer warnings.Should pass PSPlaceOpenBrace" time="0.0006" asserts="0" success="True" result="Success" executed="True" />
              <test-case description="Should pass PSPossibleIncorrectComparisonWithNull" name="File PSScriptAnalyzer.Tests.ps1 should not produce any PSScriptAnalyzer warnings.Should pass PSPossibleIncorrectComparisonWithNull" time="0.001" asserts="0" success="True" result="Success" executed="True" />
              <test-case description="Should pass PSPossibleIncorrectUsageOfAssignmentOperator" name="File PSScriptAnalyzer.Tests.ps1 should not produce any PSScriptAnalyzer warnings.Should pass PSPossibleIncorrectUsageOfAssignmentOperator" time="0.0006" asserts="0" success="True" result="Success" executed="True" />
              <test-case description="Should pass PSPossibleIncorrectUsageOfRedirectionOperator" name="File PSScriptAnalyzer.Tests.ps1 should not produce any PSScriptAnalyzer warnings.Should pass PSPossibleIncorrectUsageOfRedirectionOperator" time="0.0019" asserts="0" success="True" result="Success" executed="True" />
              <test-case description="Should pass PSProvideCommentHelp" name="File PSScriptAnalyzer.Tests.ps1 should not produce any PSScriptAnalyzer warnings.Should pass PSProvideCommentHelp" time="0.0006" asserts="0" success="True" result="Success" executed="True" />
              <test-case description="Should pass PSUseApprovedVerbs" name="File PSScriptAnalyzer.Tests.ps1 should not produce any PSScriptAnalyzer warnings.Should pass PSUseApprovedVerbs" time="0.0005" asserts="0" success="True" result="Success" executed="True" />
              <test-case description="Should pass PSUseBOMForUnicodeEncodedFile" name="File PSScriptAnalyzer.Tests.ps1 should not produce any PSScriptAnalyzer warnings.Should pass PSUseBOMForUnicodeEncodedFile" time="0.0005" asserts="0" success="True" result="Success" executed="True" />
              <test-case description="Should pass PSUseCmdletCorrectly" name="File PSScriptAnalyzer.Tests.ps1 should not produce any PSScriptAnalyzer warnings.Should pass PSUseCmdletCorrectly" time="0.0008" asserts="0" success="True" result="Success" executed="True" />
              <test-case description="Should pass PSUseCompatibleCmdlets" name="File PSScriptAnalyzer.Tests.ps1 should not produce any PSScriptAnalyzer warnings.Should pass PSUseCompatibleCmdlets" time="0.0005" asserts="0" success="True" result="Success" executed="True" />
              <test-case description="Should pass PSUseConsistentIndentation" name="File PSScriptAnalyzer.Tests.ps1 should not produce any PSScriptAnalyzer warnings.Should pass PSUseConsistentIndentation" time="0.0005" asserts="0" success="True" result="Success" executed="True" />
              <test-case description="Should pass PSUseConsistentWhitespace" name="File PSScriptAnalyzer.Tests.ps1 should not produce any PSScriptAnalyzer warnings.Should pass PSUseConsistentWhitespace" time="0.0006" asserts="0" success="True" result="Success" executed="True" />
              <test-case description="Should pass PSUseCorrectCasing" name="File PSScriptAnalyzer.Tests.ps1 should not produce any PSScriptAnalyzer warnings.Should pass PSUseCorrectCasing" time="0.0006" asserts="0" success="True" result="Success" executed="True" />
              <test-case description="Should pass PSUseDeclaredVarsMoreThanAssignments" name="File PSScriptAnalyzer.Tests.ps1 should not produce any PSScriptAnalyzer warnings.Should pass PSUseDeclaredVarsMoreThanAssignments" time="0.0005" asserts="0" success="True" result="Success" executed="True" />
              <test-case description="Should pass PSUseLiteralInitializerForHashtable" name="File PSScriptAnalyzer.Tests.ps1 should not produce any PSScriptAnalyzer warnings.Should pass PSUseLiteralInitializerForHashtable" time="0.0007" asserts="0" success="True" result="Success" executed="True" />
              <test-case description="Should pass PSUseOutputTypeCorrectly" name="File PSScriptAnalyzer.Tests.ps1 should not produce any PSScriptAnalyzer warnings.Should pass PSUseOutputTypeCorrectly" time="0.0005" asserts="0" success="True" result="Success" executed="True" />
              <test-case description="Should pass PSUsePSCredentialType" name="File PSScriptAnalyzer.Tests.ps1 should not produce any PSScriptAnalyzer warnings.Should pass PSUsePSCredentialType" time="0.0005" asserts="0" success="True" result="Success" executed="True" />
              <test-case description="Should pass PSShouldProcess" name="File PSScriptAnalyzer.Tests.ps1 should not produce any PSScriptAnalyzer warnings.Should pass PSShouldProcess" time="0.0006" asserts="0" success="True" result="Success" executed="True" />
              <test-case description="Should pass PSUseShouldProcessForStateChangingFunctions" name="File PSScriptAnalyzer.Tests.ps1 should not produce any PSScriptAnalyzer warnings.Should pass PSUseShouldProcessForStateChangingFunctions" time="0.0006" asserts="0" success="True" result="Success" executed="True" />
              <test-case description="Should pass PSUseSingularNouns" name="File PSScriptAnalyzer.Tests.ps1 should not produce any PSScriptAnalyzer warnings.Should pass PSUseSingularNouns" time="0.0005" asserts="0" success="True" result="Success" executed="True" />
              <test-case description="Should pass PSUseSupportsShouldProcess" name="File PSScriptAnalyzer.Tests.ps1 should not produce any PSScriptAnalyzer warnings.Should pass PSUseSupportsShouldProcess" time="0.0006" asserts="0" success="True" result="Success" executed="True" />
              <test-case description="Should pass PSUseToExportFieldsInManifest" name="File PSScriptAnalyzer.Tests.ps1 should not produce any PSScriptAnalyzer warnings.Should pass PSUseToExportFieldsInManifest" time="0.0005" asserts="0" success="True" result="Success" executed="True" />
              <test-case description="Should pass PSUseUTF8EncodingForHelpFile" name="File PSScriptAnalyzer.Tests.ps1 should not produce any PSScriptAnalyzer warnings.Should pass PSUseUTF8EncodingForHelpFile" time="0.0006" asserts="0" success="True" result="Success" executed="True" />
              <test-case description="Should pass PSDSCDscExamplesPresent" name="File PSScriptAnalyzer.Tests.ps1 should not produce any PSScriptAnalyzer warnings.Should pass PSDSCDscExamplesPresent" time="0.0006" asserts="0" success="True" result="Success" executed="True" />
              <test-case description="Should pass PSDSCDscTestsPresent" name="File PSScriptAnalyzer.Tests.ps1 should not produce any PSScriptAnalyzer warnings.Should pass PSDSCDscTestsPresent" time="0.0005" asserts="0" success="True" result="Success" executed="True" />
              <test-case description="Should pass PSDSCReturnCorrectTypesForDSCFunctions" name="File PSScriptAnalyzer.Tests.ps1 should not produce any PSScriptAnalyzer warnings.Should pass PSDSCReturnCorrectTypesForDSCFunctions" time="0.0005" asserts="0" success="True" result="Success" executed="True" />
              <test-case description="Should pass PSDSCUseIdenticalMandatoryParametersForDSC" name="File PSScriptAnalyzer.Tests.ps1 should not produce any PSScriptAnalyzer warnings.Should pass PSDSCUseIdenticalMandatoryParametersForDSC" time="0.0006" asserts="0" success="True" result="Success" executed="True" />
              <test-case description="Should pass PSDSCUseIdenticalParametersForDSC" name="File PSScriptAnalyzer.Tests.ps1 should not produce any PSScriptAnalyzer warnings.Should pass PSDSCUseIdenticalParametersForDSC" time="0.0005" asserts="0" success="True" result="Success" executed="True" />
              <test-case description="Should pass PSDSCStandardDSCFunctionsInResource" name="File PSScriptAnalyzer.Tests.ps1 should not produce any PSScriptAnalyzer warnings.Should pass PSDSCStandardDSCFunctionsInResource" time="0.0005" asserts="0" success="True" result="Success" executed="True" />
              <test-case description="Should pass PSDSCUseVerboseMessageInDSCResource" name="File PSScriptAnalyzer.Tests.ps1 should not produce any PSScriptAnalyzer warnings.Should pass PSDSCUseVerboseMessageInDSCResource" time="0.0006" asserts="0" success="True" result="Success" executed="True" />
            </results>
          </test-suite>
        </results>
      </test-suite>
    </results>
  </test-suite>
</test-results>